[debug] [2024-10-01T12:21:43.884Z] ----------------------------------------------------------------------
[debug] [2024-10-01T12:21:43.885Z] Command:       C:\Program Files\nodejs\node.exe C:\Users\Radu.Popescu\AppData\Roaming\npm\node_modules\firebase-tools\lib\bin\firebase.js deploy --only functions
[debug] [2024-10-01T12:21:43.886Z] CLI Version:   13.20.2
[debug] [2024-10-01T12:21:43.886Z] Platform:      win32
[debug] [2024-10-01T12:21:43.886Z] Node Version:  v18.18.1
[debug] [2024-10-01T12:21:43.886Z] Time:          Tue Oct 01 2024 15:21:43 GMT+0300 (Ora de vară a Europei de Est)
[debug] [2024-10-01T12:21:43.886Z] ----------------------------------------------------------------------
[debug] 
[debug] [2024-10-01T12:21:43.931Z] > command requires scopes: ["email","openid","https://www.googleapis.com/auth/cloudplatformprojects.readonly","https://www.googleapis.com/auth/firebase","https://www.googleapis.com/auth/cloud-platform"]
[debug] [2024-10-01T12:21:43.931Z] > authorizing via signed-in user (mobitoolsro@gmail.com)
[debug] [2024-10-01T12:21:43.931Z] [iam] checking project tarrot-590ee for permissions ["cloudfunctions.functions.create","cloudfunctions.functions.delete","cloudfunctions.functions.get","cloudfunctions.functions.list","cloudfunctions.functions.update","cloudfunctions.operations.get","firebase.projects.get"]
[debug] [2024-10-01T12:21:43.933Z] Checked if tokens are valid: true, expires at: 1727788471883
[debug] [2024-10-01T12:21:43.933Z] Checked if tokens are valid: true, expires at: 1727788471883
[debug] [2024-10-01T12:21:43.934Z] >>> [apiv2][query] POST https://cloudresourcemanager.googleapis.com/v1/projects/tarrot-590ee:testIamPermissions [none]
[debug] [2024-10-01T12:21:43.934Z] >>> [apiv2][(partial)header] POST https://cloudresourcemanager.googleapis.com/v1/projects/tarrot-590ee:testIamPermissions x-goog-quota-user=projects/tarrot-590ee
[debug] [2024-10-01T12:21:43.934Z] >>> [apiv2][body] POST https://cloudresourcemanager.googleapis.com/v1/projects/tarrot-590ee:testIamPermissions {"permissions":["cloudfunctions.functions.create","cloudfunctions.functions.delete","cloudfunctions.functions.get","cloudfunctions.functions.list","cloudfunctions.functions.update","cloudfunctions.operations.get","firebase.projects.get"]}
[debug] [2024-10-01T12:21:44.880Z] <<< [apiv2][status] POST https://cloudresourcemanager.googleapis.com/v1/projects/tarrot-590ee:testIamPermissions 200
[debug] [2024-10-01T12:21:44.880Z] <<< [apiv2][body] POST https://cloudresourcemanager.googleapis.com/v1/projects/tarrot-590ee:testIamPermissions {"permissions":["cloudfunctions.functions.create","cloudfunctions.functions.delete","cloudfunctions.functions.get","cloudfunctions.functions.list","cloudfunctions.functions.update","cloudfunctions.operations.get","firebase.projects.get"]}
[debug] [2024-10-01T12:21:44.881Z] Checked if tokens are valid: true, expires at: 1727788471883
[debug] [2024-10-01T12:21:44.881Z] Checked if tokens are valid: true, expires at: 1727788471883
[debug] [2024-10-01T12:21:44.881Z] >>> [apiv2][query] POST https://iam.googleapis.com/v1/projects/tarrot-590ee/serviceAccounts/tarrot-590ee@appspot.gserviceaccount.com:testIamPermissions [none]
[debug] [2024-10-01T12:21:44.881Z] >>> [apiv2][body] POST https://iam.googleapis.com/v1/projects/tarrot-590ee/serviceAccounts/tarrot-590ee@appspot.gserviceaccount.com:testIamPermissions {"permissions":["iam.serviceAccounts.actAs"]}
[debug] [2024-10-01T12:21:45.818Z] <<< [apiv2][status] POST https://iam.googleapis.com/v1/projects/tarrot-590ee/serviceAccounts/tarrot-590ee@appspot.gserviceaccount.com:testIamPermissions 200
[debug] [2024-10-01T12:21:45.818Z] <<< [apiv2][body] POST https://iam.googleapis.com/v1/projects/tarrot-590ee/serviceAccounts/tarrot-590ee@appspot.gserviceaccount.com:testIamPermissions {"permissions":["iam.serviceAccounts.actAs"]}
[info] 
[info] === Deploying to 'tarrot-590ee'...
[info] 
[info] i  deploying functions 
[info] Running command: npm --prefix "$RESOURCE_DIR" run lint
